# JRE version: OpenJDK Runtime Environment (8.0_152-b02) (build 1.8.0_152-release-1024-b02)
# Java VM: OpenJDK 64-Bit Server VM (25.152-b02 mixed mode windows-amd64 compressed oops)
Heap:
 PSYoungGen      total 371712K, used 338480K [0x00000000e0000000, 0x0000000100000000, 0x0000000100000000)
  eden space 262144K, 87% used [0x00000000e0000000,0x00000000edf8c150,0x00000000f0000000)
  from space 109568K, 99% used [0x00000000f9500000,0x00000000ffffff00,0x0000000100000000)
  to   space 131072K, 0% used [0x00000000f0000000,0x00000000f0000000,0x00000000f8000000)
 ParOldGen       total 640000K, used 402916K [0x00000000a0000000, 0x00000000c7100000, 0x00000000e0000000)
  object space 640000K, 62% used [0x00000000a0000000,0x00000000b8979128,0x00000000c7100000)
 Metaspace       used 78673K, capacity 81444K, committed 81880K, reserved 1120256K
  class space    used 9802K, capacity 10386K, committed 10496K, reserved 1048576K
GC Heap History (10 events):
Event: 504.552 GC heap before
{Heap before GC invocations=39 (full 6):
 PSYoungGen      total 381440K, used 381410K [0x00000000e0000000, 0x0000000100000000, 0x0000000100000000)
  eden space 275456K, 100% used [0x00000000e0000000,0x00000000f0d00000,0x00000000f0d00000)
  from space 105984K, 99% used [0x00000000f9880000,0x00000000ffff8840,0x0000000100000000)
  to   space 124416K, 0% used [0x00000000f0d00000,0x00000000f0d00000,0x00000000f8680000)
 ParOldGen       total 510464K, used 310538K [0x00000000a0000000, 0x00000000bf280000, 0x00000000e0000000)
  object space 510464K, 60% used [0x00000000a0000000,0x00000000b2f42b10,0x00000000bf280000)
 Metaspace       used 78660K, capacity 81440K, committed 81880K, reserved 1120256K
  class space    used 9800K, capacity 10386K, committed 10496K, reserved 1048576K
Event: 504.630 GC heap after
Heap after GC invocations=39 (full 6):
 PSYoungGen      total 399872K, used 58280K [0x00000000e0000000, 0x0000000100000000, 0x0000000100000000)
  eden space 275456K, 0% used [0x00000000e0000000,0x00000000e0000000,0x00000000f0d00000)
  from space 124416K, 46% used [0x00000000f0d00000,0x00000000f45ea140,0x00000000f8680000)
  to   space 117760K, 0% used [0x00000000f8d00000,0x00000000f8d00000,0x0000000100000000)
 ParOldGen       total 510464K, used 410162K [0x00000000a0000000, 0x00000000bf280000, 0x00000000e0000000)
  object space 510464K, 80% used [0x00000000a0000000,0x00000000b908ca78,0x00000000bf280000)
 Metaspace       used 78660K, capacity 81440K, committed 81880K, reserved 1120256K
  class space    used 9800K, capacity 10386K, committed 10496K, reserved 1048576K
}
Event: 504.984 GC heap before
{Heap before GC invocations=40 (full 6):
 PSYoungGen      total 399872K, used 333736K [0x00000000e0000000, 0x0000000100000000, 0x0000000100000000)
  eden space 275456K, 100% used [0x00000000e0000000,0x00000000f0d00000,0x00000000f0d00000)
  from space 124416K, 46% used [0x00000000f0d00000,0x00000000f45ea140,0x00000000f8680000)
  to   space 117760K, 0% used [0x00000000f8d00000,0x00000000f8d00000,0x0000000100000000)
 ParOldGen       total 510464K, used 410162K [0x00000000a0000000, 0x00000000bf280000, 0x00000000e0000000)
  object space 510464K, 80% used [0x00000000a0000000,0x00000000b908ca78,0x00000000bf280000)
 Metaspace       used 78661K, capacity 81440K, committed 81880K, reserved 1120256K
  class space    used 9801K, capacity 10386K, committed 10496K, reserved 1048576K
Event: 505.083 GC heap after
Heap after GC invocations=40 (full 6):
 PSYoungGen      total 385024K, used 49600K [0x00000000e0000000, 0x00000000ff180000, 0x0000000100000000)
  eden space 282112K, 0% used [0x00000000e0000000,0x00000000e0000000,0x00000000f1380000)
  from space 102912K, 48% used [0x00000000f8d00000,0x00000000fbd700d8,0x00000000ff180000)
  to   space 113664K, 0% used [0x00000000f1380000,0x00000000f1380000,0x00000000f8280000)
 ParOldGen       total 510464K, used 464230K [0x00000000a0000000, 0x00000000bf280000, 0x00000000e0000000)
  object space 510464K, 90% used [0x00000000a0000000,0x00000000bc559850,0x00000000bf280000)
 Metaspace       used 78661K, capacity 81440K, committed 81880K, reserved 1120256K
  class space    used 9801K, capacity 10386K, committed 10496K, reserved 1048576K
}
Event: 505.083 GC heap before
{Heap before GC invocations=41 (full 7):
 PSYoungGen      total 385024K, used 49600K [0x00000000e0000000, 0x00000000ff180000, 0x0000000100000000)
  eden space 282112K, 0% used [0x00000000e0000000,0x00000000e0000000,0x00000000f1380000)
  from space 102912K, 48% used [0x00000000f8d00000,0x00000000fbd700d8,0x00000000ff180000)
  to   space 113664K, 0% used [0x00000000f1380000,0x00000000f1380000,0x00000000f8280000)
 ParOldGen       total 510464K, used 464230K [0x00000000a0000000, 0x00000000bf280000, 0x00000000e0000000)
  object space 510464K, 90% used [0x00000000a0000000,0x00000000bc559850,0x00000000bf280000)
 Metaspace       used 78661K, capacity 81440K, committed 81880K, reserved 1120256K
  class space    used 9801K, capacity 10386K, committed 10496K, reserved 1048576K
Event: 505.903 GC heap after
Heap after GC invocations=41 (full 7):
 PSYoungGen      total 385024K, used 0K [0x00000000e0000000, 0x00000000ff180000, 0x0000000100000000)
  eden space 282112K, 0% used [0x00000000e0000000,0x00000000e0000000,0x00000000f1380000)
  from space 102912K, 0% used [0x00000000f8d00000,0x00000000f8d00000,0x00000000ff180000)
  to   space 113664K, 0% used [0x00000000f1380000,0x00000000f1380000,0x00000000f8280000)
 ParOldGen       total 640000K, used 381409K [0x00000000a0000000, 0x00000000c7100000, 0x00000000e0000000)
  object space 640000K, 59% used [0x00000000a0000000,0x00000000b7478488,0x00000000c7100000)
 Metaspace       used 78661K, capacity 81440K, committed 81880K, reserved 1120256K
  class space    used 9801K, capacity 10386K, committed 10496K, reserved 1048576K
}
Event: 506.650 GC heap before
{Heap before GC invocations=42 (full 7):
 PSYoungGen      total 385024K, used 282112K [0x00000000e0000000, 0x00000000ff180000, 0x0000000100000000)
  eden space 282112K, 100% used [0x00000000e0000000,0x00000000f1380000,0x00000000f1380000)
  from space 102912K, 0% used [0x00000000f8d00000,0x00000000f8d00000,0x00000000ff180000)
  to   space 113664K, 0% used [0x00000000f1380000,0x00000000f1380000,0x00000000f8280000)
 ParOldGen       total 640000K, used 381409K [0x00000000a0000000, 0x00000000c7100000, 0x00000000e0000000)
  object space 640000K, 59% used [0x00000000a0000000,0x00000000b7478488,0x00000000c7100000)
 Metaspace       used 78665K, capacity 81444K, committed 81880K, reserved 1120256K
  class space    used 9801K, capacity 10386K, committed 10496K, reserved 1048576K
Event: 506.739 GC heap after
Heap after GC invocations=42 (full 7):
 PSYoungGen      total 395776K, used 61915K [0x00000000e0000000, 0x0000000100000000, 0x0000000100000000)
  eden space 282112K, 0% used [0x00000000e0000000,0x00000000e0000000,0x00000000f1380000)
  from space 113664K, 54% used [0x00000000f1380000,0x00000000f4ff6c28,0x00000000f8280000)
  to   space 109568K, 0% used [0x00000000f9500000,0x00000000f9500000,0x0000000100000000)
 ParOldGen       total 640000K, used 381409K [0x00000000a0000000, 0x00000000c7100000, 0x00000000e0000000)
  object space 640000K, 59% used [0x00000000a0000000,0x00000000b7478488,0x00000000c7100000)
 Metaspace       used 78665K, capacity 81444K, committed 81880K, reserved 1120256K
  class space    used 9801K, capacity 10386K, committed 10496K, reserved 1048576K
}
Event: 507.189 GC heap before
{Heap before GC invocations=43 (full 7):
 PSYoungGen      total 395776K, used 344027K [0x00000000e0000000, 0x0000000100000000, 0x0000000100000000)
  eden space 282112K, 100% used [0x00000000e0000000,0x00000000f1380000,0x00000000f1380000)
  from space 113664K, 54% used [0x00000000f1380000,0x00000000f4ff6c28,0x00000000f8280000)
  to   space 109568K, 0% used [0x00000000f9500000,0x00000000f9500000,0x0000000100000000)
 ParOldGen       total 640000K, used 381409K [0x00000000a0000000, 0x00000000c7100000, 0x00000000e0000000)
  object space 640000K, 59% used [0x00000000a0000000,0x00000000b7478488,0x00000000c7100000)
 Metaspace       used 78672K, capacity 81444K, committed 81880K, reserved 1120256K
  class space    used 9802K, capacity 10386K, committed 10496K, reserved 1048576K
Event: 507.314 GC heap after
Heap after GC invocations=43 (full 7):
 PSYoungGen      total 371712K, used 109567K [0x00000000e0000000, 0x0000000100000000, 0x0000000100000000)
  eden space 262144K, 0% used [0x00000000e0000000,0x00000000e0000000,0x00000000f0000000)
  from space 109568K, 99% used [0x00000000f9500000,0x00000000ffffff00,0x0000000100000000)
  to   space 131072K, 0% used [0x00000000f0000000,0x00000000f0000000,0x00000000f8000000)
 ParOldGen       total 640000K, used 402916K [0x00000000a0000000, 0x00000000c7100000, 0x00000000e0000000)
  object space 640000K, 62% used [0x00000000a0000000,0x00000000b8979128,0x00000000c7100000)
 Metaspace       used 78672K, capacity 81444K, committed 81880K, reserved 1120256K
  class space    used 9802K, capacity 10386K, committed 10496K, reserved 1048576K
}

